2020-11-17 11:42:23,909 DEBUG    root            Loaded Command Group: ['gcloud', 'auth']
2020-11-17 11:42:23,963 DEBUG    root            Loaded Command Group: ['gcloud', 'auth', 'login']
2020-11-17 11:42:23,965 DEBUG    root            Running [gcloud.auth.login] with arguments: []
2020-11-17 11:42:23,985 DEBUG    requests_oauthlib.oauth2_session Generated new state 869WMPThim0v8zhegR98tYrDZMbM6L.
2020-11-17 11:42:24,136 INFO     ___FILE_ONLY___ Your browser has been opened to visit:

    https://accounts.google.com/o/oauth2/auth?response_type=code&client_id=32555940559.apps.googleusercontent.com&redirect_uri=http%3A%2F%2Flocalhost%3A8085%2F&scope=openid+https%3A%2F%2Fwww.googleapis.com%2Fauth%2Fuserinfo.email+https%3A%2F%2Fwww.googleapis.com%2Fauth%2Fcloud-platform+https%3A%2F%2Fwww.googleapis.com%2Fauth%2Fappengine.admin+https%3A%2F%2Fwww.googleapis.com%2Fauth%2Fcompute+https%3A%2F%2Fwww.googleapis.com%2Fauth%2Faccounts.reauth&state=869WMPThim0v8zhegR98tYrDZMbM6L&access_type=offline&code_challenge=i0mAC1bO1oKERJzeDPYF1yN6LDiZ6jZm4zkgQtbeKNU&code_challenge_method=S256


2020-11-17 11:42:29,517 INFO     google_auth_oauthlib.flow "GET /?state=869WMPThim0v8zhegR98tYrDZMbM6L&code=4/0AY0e-g6vBLfAd7Kic2pkb9wKibvjiUoGQb1FQzsV79goTGN51D10y4QHMscCljexIT5SLQ&scope=email%20openid%20https://www.googleapis.com/auth/userinfo.email%20https://www.googleapis.com/auth/cloud-platform%20https://www.googleapis.com/auth/appengine.admin%20https://www.googleapis.com/auth/compute%20https://www.googleapis.com/auth/accounts.reauth&authuser=0&prompt=consent HTTP/1.1" 200 959
2020-11-17 11:42:29,518 DEBUG    requests_oauthlib.oauth2_session Encoding `client_id` "32555940559.apps.googleusercontent.com" with `client_secret` as Basic auth credentials.
2020-11-17 11:42:29,519 DEBUG    requests_oauthlib.oauth2_session Requesting url https://oauth2.googleapis.com/token using method POST.
2020-11-17 11:42:29,519 DEBUG    requests_oauthlib.oauth2_session Supplying headers {b'Accept': b'application/json', b'Content-Type': b'application/x-www-form-urlencoded;charset=UTF-8', b'user-agent': b'google-cloud-sdk gcloud/318.0.0 command/gcloud.auth.login invocation-id/471b1db807de49308ec34552a0ab8783 environment/None environment-version/None interactive/True from-script/False python/3.9.0 term/xterm-256color (Macintosh; Intel Mac OS X 20.1.0)'} and data {'grant_type': 'authorization_code', 'code': '4/0AY0e-g6vBLfAd7Kic2pkb9wKibvjiUoGQb1FQzsV79goTGN51D10y4QHMscCljexIT5SLQ', 'redirect_uri': 'http://localhost:8085/', 'code_verifier': 'tzfcZmGnuy6O4~gFUlAr0rmjRbUifizf3oM~k.vMY~0k_AF48ON3qyrKqjBO0qOzrE4dJ39heCmS7hr5u8XtWFbLXflI4AQhcmqGtRxaegtKlls07KA_BSb7eCAKSXw_'}
2020-11-17 11:42:29,519 DEBUG    requests_oauthlib.oauth2_session Passing through key word arguments {'json': None, 'timeout': None, 'auth': <requests.auth.HTTPBasicAuth object at 0x112280160>, 'verify': True, 'proxies': None}.
2020-11-17 11:42:29,552 DEBUG    urllib3.connectionpool Starting new HTTPS connection (1): oauth2.googleapis.com:443
2020-11-17 11:42:29,779 DEBUG    urllib3.connectionpool https://oauth2.googleapis.com:443 "POST /token HTTP/1.1" 200 None
2020-11-17 11:42:29,839 DEBUG    requests_oauthlib.oauth2_session Prepared fetch token request body grant_type=authorization_code&code=4%2F0AY0e-g6vBLfAd7Kic2pkb9wKibvjiUoGQb1FQzsV79goTGN51D10y4QHMscCljexIT5SLQ&redirect_uri=http%3A%2F%2Flocalhost%3A8085%2F&code_verifier=tzfcZmGnuy6O4~gFUlAr0rmjRbUifizf3oM~k.vMY~0k_AF48ON3qyrKqjBO0qOzrE4dJ39heCmS7hr5u8XtWFbLXflI4AQhcmqGtRxaegtKlls07KA_BSb7eCAKSXw_
2020-11-17 11:42:29,861 DEBUG    requests_oauthlib.oauth2_session Request to fetch token completed with status 200.
2020-11-17 11:42:29,862 DEBUG    requests_oauthlib.oauth2_session Request headers were {'user-agent': b'google-cloud-sdk gcloud/318.0.0 command/gcloud.auth.login invocation-id/471b1db807de49308ec34552a0ab8783 environment/None environment-version/None interactive/True from-script/False python/3.9.0 term/xterm-256color (Macintosh; Intel Mac OS X 20.1.0)', 'Accept-Encoding': 'gzip, deflate', 'Accept': b'application/json', 'Connection': 'keep-alive', 'Content-Type': b'application/x-www-form-urlencoded;charset=UTF-8', 'Content-Length': '299', 'Authorization': 'Basic MzI1NTU5NDA1NTkuYXBwcy5nb29nbGV1c2VyY29udGVudC5jb206Wm1zc0xOakp5Mjk5OGhENENUZzJlanIy'}
2020-11-17 11:42:29,862 DEBUG    requests_oauthlib.oauth2_session Request body was grant_type=authorization_code&code=4%2F0AY0e-g6vBLfAd7Kic2pkb9wKibvjiUoGQb1FQzsV79goTGN51D10y4QHMscCljexIT5SLQ&redirect_uri=http%3A%2F%2Flocalhost%3A8085%2F&code_verifier=tzfcZmGnuy6O4~gFUlAr0rmjRbUifizf3oM~k.vMY~0k_AF48ON3qyrKqjBO0qOzrE4dJ39heCmS7hr5u8XtWFbLXflI4AQhcmqGtRxaegtKlls07KA_BSb7eCAKSXw_
2020-11-17 11:42:29,862 DEBUG    requests_oauthlib.oauth2_session Response headers were {'Cache-Control': 'no-cache, no-store, max-age=0, must-revalidate', 'Expires': 'Mon, 01 Jan 1990 00:00:00 GMT', 'Date': 'Tue, 17 Nov 2020 16:42:29 GMT', 'Pragma': 'no-cache', 'Content-Type': 'application/json; charset=utf-8', 'Vary': 'Origin, X-Origin, Referer', 'Content-Encoding': 'gzip', 'Server': 'scaffolding on HTTPServer2', 'X-XSS-Protection': '0', 'X-Frame-Options': 'SAMEORIGIN', 'X-Content-Type-Options': 'nosniff', 'Alt-Svc': 'h3-Q050=":443"; ma=2592000,h3-29=":443"; ma=2592000,h3-T051=":443"; ma=2592000,h3-Q046=":443"; ma=2592000,h3-Q043=":443"; ma=2592000,quic=":443"; ma=2592000; v="46,43"', 'Transfer-Encoding': 'chunked'} and content {
  "access_token": "ya29.A0AfH6SMA78b-ZsidhaFUxsg_erklPvmjaTEDWcRJF4da6KVjZMPw3EIndXsTrif3X1HhZcIQICw1Ju9DqBcxRn0Hnb7Sksm_pA6g82jILEDNhySN9Jb-4WgzrO7vkvGy7VjG7tRXEqbwpQmashM8UP2fvS7mkwz1S_KF488VF5rFzmei3EGk",
  "expires_in": 3599,
  "refresh_token": "1//0dmrU8eKEiNzcCgYIARAAGA0SNwF-L9Irs9sCQ8K2a1SegiuulcCkmemRw8WDPdqp5FlFdeeVhWrCd3N1kkA76sUmdmr8FIAVJb4",
  "scope": "openid https://www.googleapis.com/auth/cloud-platform https://www.googleapis.com/auth/compute https://www.googleapis.com/auth/accounts.reauth https://www.googleapis.com/auth/appengine.admin https://www.googleapis.com/auth/userinfo.email",
  "token_type": "Bearer",
  "id_token": "eyJhbGciOiJSUzI1NiIsImtpZCI6ImQ5NDZiMTM3NzM3Yjk3MzczOGU1Mjg2YzIwOGI2NmU3YTM5ZWU3YzEiLCJ0eXAiOiJKV1QifQ.eyJpc3MiOiJodHRwczovL2FjY291bnRzLmdvb2dsZS5jb20iLCJhenAiOiIzMjU1NTk0MDU1OS5hcHBzLmdvb2dsZXVzZXJjb250ZW50LmNvbSIsImF1ZCI6IjMyNTU1OTQwNTU5LmFwcHMuZ29vZ2xldXNlcmNvbnRlbnQuY29tIiwic3ViIjoiMTA0NjYxNTMzMDA4MTQyMTg0NjY1IiwiZW1haWwiOiJyZXZlcnNldHlwZUBnbWFpbC5jb20iLCJlbWFpbF92ZXJpZmllZCI6dHJ1ZSwiYXRfaGFzaCI6Ii1oYnY5SjhZQ0RSN1F4SVRBRFY5TkEiLCJpYXQiOjE2MDU2MzEzNDksImV4cCI6MTYwNTYzNDk0OX0.AGT3PjRAgQJE7Rks1UpQPXbw_KIAQiTwniuct_8FUd1nsSXl7df9oWxYNYfEhm5Qxv7HQhPQLvwSoSDrH0uaaFpM44IXcSYCLx_lmXYuAWPSg81lUTMFryDS-2oqEFnLL0Ft7dcfzqV-o2e-896HjGfudxcyJ5GP_fldb4csyWfU5aJmRHEY7D4zuR5-vWGFzHP-gwd_hozPYVivVqu7wj2zR4Q6LZWM7B5TYoDYokM1BVGA6Wh757KCde-CY5aQ10t9ZZSpyQ6c_kBZqsqMmXlZVjeQIhodDyZxF4M19Zj_RwAgLDmaZWnNg1S55LnzEsgg5R4pn8cGGwSVWpvK5g"
}.
2020-11-17 11:42:29,862 DEBUG    requests_oauthlib.oauth2_session Invoking 0 token response hooks.
2020-11-17 11:42:29,862 DEBUG    requests_oauthlib.oauth2_session Obtained token {'access_token': 'ya29.A0AfH6SMA78b-ZsidhaFUxsg_erklPvmjaTEDWcRJF4da6KVjZMPw3EIndXsTrif3X1HhZcIQICw1Ju9DqBcxRn0Hnb7Sksm_pA6g82jILEDNhySN9Jb-4WgzrO7vkvGy7VjG7tRXEqbwpQmashM8UP2fvS7mkwz1S_KF488VF5rFzmei3EGk', 'expires_in': 3599, 'refresh_token': '1//0dmrU8eKEiNzcCgYIARAAGA0SNwF-L9Irs9sCQ8K2a1SegiuulcCkmemRw8WDPdqp5FlFdeeVhWrCd3N1kkA76sUmdmr8FIAVJb4', 'scope': ['openid', 'https://www.googleapis.com/auth/cloud-platform', 'https://www.googleapis.com/auth/compute', 'https://www.googleapis.com/auth/accounts.reauth', 'https://www.googleapis.com/auth/appengine.admin', 'https://www.googleapis.com/auth/userinfo.email'], 'token_type': 'Bearer', 'id_token': 'eyJhbGciOiJSUzI1NiIsImtpZCI6ImQ5NDZiMTM3NzM3Yjk3MzczOGU1Mjg2YzIwOGI2NmU3YTM5ZWU3YzEiLCJ0eXAiOiJKV1QifQ.eyJpc3MiOiJodHRwczovL2FjY291bnRzLmdvb2dsZS5jb20iLCJhenAiOiIzMjU1NTk0MDU1OS5hcHBzLmdvb2dsZXVzZXJjb250ZW50LmNvbSIsImF1ZCI6IjMyNTU1OTQwNTU5LmFwcHMuZ29vZ2xldXNlcmNvbnRlbnQuY29tIiwic3ViIjoiMTA0NjYxNTMzMDA4MTQyMTg0NjY1IiwiZW1haWwiOiJyZXZlcnNldHlwZUBnbWFpbC5jb20iLCJlbWFpbF92ZXJpZmllZCI6dHJ1ZSwiYXRfaGFzaCI6Ii1oYnY5SjhZQ0RSN1F4SVRBRFY5TkEiLCJpYXQiOjE2MDU2MzEzNDksImV4cCI6MTYwNTYzNDk0OX0.AGT3PjRAgQJE7Rks1UpQPXbw_KIAQiTwniuct_8FUd1nsSXl7df9oWxYNYfEhm5Qxv7HQhPQLvwSoSDrH0uaaFpM44IXcSYCLx_lmXYuAWPSg81lUTMFryDS-2oqEFnLL0Ft7dcfzqV-o2e-896HjGfudxcyJ5GP_fldb4csyWfU5aJmRHEY7D4zuR5-vWGFzHP-gwd_hozPYVivVqu7wj2zR4Q6LZWM7B5TYoDYokM1BVGA6Wh757KCde-CY5aQ10t9ZZSpyQ6c_kBZqsqMmXlZVjeQIhodDyZxF4M19Zj_RwAgLDmaZWnNg1S55LnzEsgg5R4pn8cGGwSVWpvK5g', 'expires_at': 1605634948.862745}.
2020-11-17 11:42:29,966 INFO     ___FILE_ONLY___ 
You are now logged in as [reversetype@gmail.com].
Your current project is [lighthouse-audit-tool].  You can change this setting by running:
  $ gcloud config set project PROJECT_ID

2020-11-17 11:42:29,967 INFO     root            Display format: "none"
